1552986147672	geckodriver	INFO	Listening on 127.0.0.1:58888
1552986148677	mozprofile::profile	INFO	Using profile path /var/folders/cn/4n3ddv5j6hdc3dxlspl3_zl80000gn/T/rust_mozprofile.fIwdvJiZ9lr8
1552986148682	geckodriver::marionette	INFO	Starting browser /Applications/Firefox.app/Contents/MacOS/firefox-bin
1552986148835	geckodriver::marionette	INFO	Connecting to Marionette on localhost:58907
[warn] kq_init: detected broken kqueue; not using.: Undefined error: 0
JavaScript error: https://ss1.bdstatic.com/5eN1bjq8AAUYm2zgoY3K/r/www/cache/static/protocol/https/plugins/every_cookie_mac_82990d4.js, line 4: ReferenceError: c is not defined
1552986153802 Marionette: Element is missing an accesible name -> id: kw, tagName: INPUT, className: s_ipt
JavaScript error: https://sp0.baidu.com/5a1Fazu8AA54nxGko9WTAnF6hhy/su?wd=%E5%A4%9A&json=1&p=3&sid=1467_21114_28722_28558_28607_28585_28603_28605&csor=1&cb=jQuery110205794787865846651_1552986153557&_=1552986153559, line 1: TypeError: jQuery110205794787865846651_1552986153557 is not a function
JavaScript error: https://sp0.baidu.com/5a1Fazu8AA54nxGko9WTAnF6hhy/su?wd=%E5%A4%9A%E7%BA%BF&json=1&p=3&sid=1467_21114_28722_28558_28607_28585_28603_28605&csor=2&pwd=%E5%A4%9A&cb=jQuery110205794787865846651_1552986153557&_=1552986153560, line 1: TypeError: jQuery110205794787865846651_1552986153557 is not a function
JavaScript error: https://sp0.baidu.com/5a1Fazu8AA54nxGko9WTAnF6hhy/su?wd=%E5%A4%9A%E7%BA%BF%E7%A8%8B%E8%AF%A6&json=1&p=3&sid=1467_21114_28722_28558_28607_28585_28603_28605&csor=4&pwd=%E5%A4%9A%E7%BA%BF%E7%A8%8B&cb=jQuery110205794787865846651_1552986153557&_=1552986153562, line 1: TypeError: jQuery110205794787865846651_1552986153557 is not a function
JavaScript error: https://sp0.baidu.com/5a1Fazu8AA54nxGko9WTAnF6hhy/su?wd=%E5%A4%9A%E7%BA%BF%E7%A8%8B%E8%AF%A6%E8%A7%A3&json=1&p=3&sid=1467_21114_28722_28558_28607_28585_28603_28605&csor=5&pwd=%E5%A4%9A%E7%BA%BF%E7%A8%8B%E8%AF%A6&cb=jQuery110205794787865846651_1552986153557&_=1552986153563, line 1: TypeError: jQuery110205794787865846651_1552986153557 is not a function
JavaScript error: https://sp0.baidu.com/5a1Fazu8AA54nxGko9WTAnF6hhy/su?wd=%E5%A4%9A%E7%BA%BF%E7%A8%8B&json=1&p=3&sid=1467_21114_28722_28558_28607_28585_28603_28605&csor=3&pwd=%E5%A4%9A%E7%BA%BF&cb=jQuery110205794787865846651_1552986153557&_=1552986153561, line 1: TypeError: jQuery110205794787865846651_1552986153557 is not a function
1552986179011	geckodriver	INFO	Listening on 127.0.0.1:59014
1552986180021	mozprofile::profile	INFO	Using profile path /var/folders/cn/4n3ddv5j6hdc3dxlspl3_zl80000gn/T/rust_mozprofile.RPE8n3YpIUUL
1552986180027	geckodriver::marionette	INFO	Starting browser /Applications/Firefox.app/Contents/MacOS/firefox-bin
1552986180031	geckodriver::marionette	INFO	Connecting to Marionette on localhost:59033
[warn] kq_init: detected broken kqueue; not using.: Undefined error: 0
JavaScript error: https://ss1.bdstatic.com/5eN1bjq8AAUYm2zgoY3K/r/www/cache/static/protocol/https/plugins/every_cookie_mac_82990d4.js, line 4: ReferenceError: c is not defined
1552986184822 Marionette: Element is missing an accesible name -> id: kw, tagName: INPUT, className: s_ipt
JavaScript error: https://m.baidu.com/sugrec?pre=1&p=3&ie=utf-8&json=1&prod=wise&from=wise_web&sugsid=1426,21091,18559,28724,28558,28608,28585,28697,28603,28606&wd=%E5%A4%9A%E7%BA%BF%E7%A8%8B&csor=3&pwd=%E5%A4%9A%E7%BA%BF&cb=jQuery1102005156469980926126_1552986184479&_=1552986184483, line 1: TypeError: jQuery1102005156469980926126_1552986184479 is not a function
JavaScript error: https://m.baidu.com/sugrec?pre=1&p=3&ie=utf-8&json=1&prod=wise&from=wise_web&sugsid=1426,21091,18559,28724,28558,28608,28585,28697,28603,28606&wd=%E5%A4%9A&csor=1&cb=jQuery1102005156469980926126_1552986184479&_=1552986184481, line 1: TypeError: jQuery1102005156469980926126_1552986184479 is not a function
JavaScript error: https://m.baidu.com/sugrec?pre=1&p=3&ie=utf-8&json=1&prod=wise&from=wise_web&sugsid=1426,21091,18559,28724,28558,28608,28585,28697,28603,28606&wd=%E5%A4%9A%E7%BA%BF%E7%A8%8B%E8%AF%A6%E8%A7%A3&csor=5&pwd=%E5%A4%9A%E7%BA%BF%E7%A8%8B%E8%AF%A6&cb=jQuery1102005156469980926126_1552986184479&_=1552986184485, line 1: TypeError: jQuery1102005156469980926126_1552986184479 is not a function
JavaScript error: https://m.baidu.com/sugrec?pre=1&p=3&ie=utf-8&json=1&prod=wise&from=wise_web&sugsid=1426,21091,18559,28724,28558,28608,28585,28697,28603,28606&wd=%E5%A4%9A%E7%BA%BF&csor=2&pwd=%E5%A4%9A&cb=jQuery1102005156469980926126_1552986184479&_=1552986184482, line 1: TypeError: jQuery1102005156469980926126_1552986184479 is not a function
JavaScript error: https://m.baidu.com/sugrec?pre=1&p=3&ie=utf-8&json=1&prod=wise&from=wise_web&sugsid=1426,21091,18559,28724,28558,28608,28585,28697,28603,28606&wd=%E5%A4%9A%E7%BA%BF%E7%A8%8B%E8%AF%A6&csor=4&pwd=%E5%A4%9A%E7%BA%BF%E7%A8%8B&cb=jQuery1102005156469980926126_1552986184479&_=1552986184484, line 1: TypeError: jQuery1102005156469980926126_1552986184479 is not a function
1552986204637	geckodriver	INFO	Listening on 127.0.0.1:59128
1552986205656	mozprofile::profile	INFO	Using profile path /var/folders/cn/4n3ddv5j6hdc3dxlspl3_zl80000gn/T/rust_mozprofile.BKANXhlJxTKM
1552986205662	geckodriver::marionette	INFO	Starting browser /Applications/Firefox.app/Contents/MacOS/firefox-bin
1552986205666	geckodriver::marionette	INFO	Connecting to Marionette on localhost:59147
[warn] kq_init: detected broken kqueue; not using.: Undefined error: 0
JavaScript error: https://ss1.bdstatic.com/5eN1bjq8AAUYm2zgoY3K/r/www/cache/static/protocol/https/plugins/every_cookie_mac_82990d4.js, line 4: ReferenceError: c is not defined
1552986210091 Marionette: Element is missing an accesible name -> id: kw, tagName: INPUT, className: s_ipt
JavaScript error: https://sp0.baidu.com/5a1Fazu8AA54nxGko9WTAnF6hhy/su?wd=%E5%A4%9A&json=1&p=3&sid=26524_1438_28394_21085_28723_28558_28607_28585_26350_28604_20719&csor=1&cb=jQuery11020234824543303637_1552986209840&_=1552986209842, line 1: TypeError: jQuery11020234824543303637_1552986209840 is not a function
JavaScript error: https://sp0.baidu.com/5a1Fazu8AA54nxGko9WTAnF6hhy/su?wd=%E5%A4%9A%E7%BA%BF%E7%A8%8B%E8%AF%A6&json=1&p=3&sid=26524_1438_28394_21085_28723_28558_28607_28585_26350_28604_20719&csor=4&pwd=%E5%A4%9A%E7%BA%BF%E7%A8%8B&cb=jQuery11020234824543303637_1552986209840&_=1552986209845, line 1: TypeError: jQuery11020234824543303637_1552986209840 is not a function
JavaScript error: https://sp0.baidu.com/5a1Fazu8AA54nxGko9WTAnF6hhy/su?wd=%E5%A4%9A%E7%BA%BF&json=1&p=3&sid=26524_1438_28394_21085_28723_28558_28607_28585_26350_28604_20719&csor=2&pwd=%E5%A4%9A&cb=jQuery11020234824543303637_1552986209840&_=1552986209843, line 1: TypeError: jQuery11020234824543303637_1552986209840 is not a function
JavaScript error: https://sp0.baidu.com/5a1Fazu8AA54nxGko9WTAnF6hhy/su?wd=%E5%A4%9A%E7%BA%BF%E7%A8%8B%E8%AF%A6%E8%A7%A3&json=1&p=3&sid=26524_1438_28394_21085_28723_28558_28607_28585_26350_28604_20719&csor=5&pwd=%E5%A4%9A%E7%BA%BF%E7%A8%8B%E8%AF%A6&cb=jQuery11020234824543303637_1552986209840&_=1552986209846, line 1: TypeError: jQuery11020234824543303637_1552986209840 is not a function
JavaScript error: https://sp0.baidu.com/5a1Fazu8AA54nxGko9WTAnF6hhy/su?wd=%E5%A4%9A%E7%BA%BF%E7%A8%8B&json=1&p=3&sid=26524_1438_28394_21085_28723_28558_28607_28585_26350_28604_20719&csor=3&pwd=%E5%A4%9A%E7%BA%BF&cb=jQuery11020234824543303637_1552986209840&_=1552986209844, line 1: TypeError: jQuery11020234824543303637_1552986209840 is not a function
1552986429493	geckodriver	INFO	Listening on 127.0.0.1:59279
1552986430500	mozprofile::profile	INFO	Using profile path /var/folders/cn/4n3ddv5j6hdc3dxlspl3_zl80000gn/T/rust_mozprofile.NFOTcMwDe3gZ
1552986430503	geckodriver::marionette	INFO	Starting browser /Applications/Firefox.app/Contents/MacOS/firefox-bin
1552986430508	geckodriver::marionette	INFO	Connecting to Marionette on localhost:59299
[warn] kq_init: detected broken kqueue; not using.: Undefined error: 0
JavaScript error: https://ss1.bdstatic.com/5eN1bjq8AAUYm2zgoY3K/r/www/cache/static/protocol/https/plugins/every_cookie_mac_82990d4.js, line 4: ReferenceError: c is not defined
1552986435181 Marionette: Element is missing an accesible name -> id: kw, tagName: INPUT, className: s_ipt
JavaScript error: https://sp0.baidu.com/5a1Fazu8AA54nxGko9WTAnF6hhy/su?wd=%E5%A4%9A&json=1&p=3&sid=1429_21120_18559_28721_28558_28608_28585_26350_28603_28626_28605&csor=1&cb=jQuery110205860373882475163_1552986434920&_=1552986434922, line 1: TypeError: jQuery110205860373882475163_1552986434920 is not a function
JavaScript error: https://sp0.baidu.com/5a1Fazu8AA54nxGko9WTAnF6hhy/su?wd=%E5%A4%9A%E7%BA%BF%E7%A8%8B%E8%AF%A6%E8%A7%A3&json=1&p=3&sid=1429_21120_18559_28721_28558_28608_28585_26350_28603_28626_28605&csor=5&pwd=%E5%A4%9A%E7%BA%BF%E7%A8%8B%E8%AF%A6&cb=jQuery110205860373882475163_1552986434920&_=1552986434926, line 1: TypeError: jQuery110205860373882475163_1552986434920 is not a function
JavaScript error: https://sp0.baidu.com/5a1Fazu8AA54nxGko9WTAnF6hhy/su?wd=%E5%A4%9A%E7%BA%BF%E7%A8%8B&json=1&p=3&sid=1429_21120_18559_28721_28558_28608_28585_26350_28603_28626_28605&csor=3&pwd=%E5%A4%9A%E7%BA%BF&cb=jQuery110205860373882475163_1552986434920&_=1552986434924, line 1: TypeError: jQuery110205860373882475163_1552986434920 is not a function
JavaScript error: https://sp0.baidu.com/5a1Fazu8AA54nxGko9WTAnF6hhy/su?wd=%E5%A4%9A%E7%BA%BF%E7%A8%8B%E8%AF%A6&json=1&p=3&sid=1429_21120_18559_28721_28558_28608_28585_26350_28603_28626_28605&csor=4&pwd=%E5%A4%9A%E7%BA%BF%E7%A8%8B&cb=jQuery110205860373882475163_1552986434920&_=1552986434925, line 1: TypeError: jQuery110205860373882475163_1552986434920 is not a function
JavaScript error: https://sp0.baidu.com/5a1Fazu8AA54nxGko9WTAnF6hhy/su?wd=%E5%A4%9A%E7%BA%BF&json=1&p=3&sid=1429_21120_18559_28721_28558_28608_28585_26350_28603_28626_28605&csor=2&pwd=%E5%A4%9A&cb=jQuery110205860373882475163_1552986434920&_=1552986434923, line 1: TypeError: jQuery110205860373882475163_1552986434920 is not a function
1552986511695	geckodriver	INFO	Listening on 127.0.0.1:59397
1552986512712	mozprofile::profile	INFO	Using profile path /var/folders/cn/4n3ddv5j6hdc3dxlspl3_zl80000gn/T/rust_mozprofile.UaEp7bSNFkGp
1552986512716	geckodriver::marionette	INFO	Starting browser /Applications/Firefox.app/Contents/MacOS/firefox-bin
1552986512721	geckodriver::marionette	INFO	Connecting to Marionette on localhost:59416
[warn] kq_init: detected broken kqueue; not using.: Undefined error: 0
JavaScript error: https://ss1.bdstatic.com/5eN1bjq8AAUYm2zgoY3K/r/www/cache/static/protocol/https/plugins/every_cookie_mac_82990d4.js, line 4: ReferenceError: c is not defined
1552986517049 Marionette: Element is missing an accesible name -> id: kw, tagName: INPUT, className: s_ipt
JavaScript error: https://sp0.baidu.com/5a1Fazu8AA54nxGko9WTAnF6hhy/su?wd=%E5%A4%9A%E7%BA%BF%E7%A8%8B%E8%AF%A6%E8%A7%A3&json=1&p=3&sid=1438_21104_28724_28558_28608_28585_26350_28603_22159&csor=5&pwd=%E5%A4%9A%E7%BA%BF%E7%A8%8B%E8%AF%A6&cb=jQuery110205284028154872502_1552986516820&_=1552986516826, line 1: TypeError: jQuery110205284028154872502_1552986516820 is not a function
JavaScript error: https://sp0.baidu.com/5a1Fazu8AA54nxGko9WTAnF6hhy/su?wd=%E5%A4%9A&json=1&p=3&sid=1438_21104_28724_28558_28608_28585_26350_28603_22159&csor=1&cb=jQuery110205284028154872502_1552986516820&_=1552986516822, line 1: TypeError: jQuery110205284028154872502_1552986516820 is not a function
JavaScript error: https://sp0.baidu.com/5a1Fazu8AA54nxGko9WTAnF6hhy/su?wd=%E5%A4%9A%E7%BA%BF%E7%A8%8B&json=1&p=3&sid=1438_21104_28724_28558_28608_28585_26350_28603_22159&csor=3&pwd=%E5%A4%9A%E7%BA%BF&cb=jQuery110205284028154872502_1552986516820&_=1552986516824, line 1: TypeError: jQuery110205284028154872502_1552986516820 is not a function
JavaScript error: https://sp0.baidu.com/5a1Fazu8AA54nxGko9WTAnF6hhy/su?wd=%E5%A4%9A%E7%BA%BF%E7%A8%8B%E8%AF%A6&json=1&p=3&sid=1438_21104_28724_28558_28608_28585_26350_28603_22159&csor=4&pwd=%E5%A4%9A%E7%BA%BF%E7%A8%8B&cb=jQuery110205284028154872502_1552986516820&_=1552986516825, line 1: TypeError: jQuery110205284028154872502_1552986516820 is not a function
JavaScript error: https://sp0.baidu.com/5a1Fazu8AA54nxGko9WTAnF6hhy/su?wd=%E5%A4%9A%E7%BA%BF&json=1&p=3&sid=1438_21104_28724_28558_28608_28585_26350_28603_22159&csor=2&pwd=%E5%A4%9A&cb=jQuery110205284028154872502_1552986516820&_=1552986516823, line 1: TypeError: jQuery110205284028154872502_1552986516820 is not a function
1552986798225	geckodriver	INFO	Listening on 127.0.0.1:59545
1552986799240	mozprofile::profile	INFO	Using profile path /var/folders/cn/4n3ddv5j6hdc3dxlspl3_zl80000gn/T/rust_mozprofile.aROw3lIE2rWK
1552986799243	geckodriver::marionette	INFO	Starting browser /Applications/Firefox.app/Contents/MacOS/firefox-bin
1552986799247	geckodriver::marionette	INFO	Connecting to Marionette on localhost:59564
[warn] kq_init: detected broken kqueue; not using.: Undefined error: 0
JavaScript error: https://ss1.bdstatic.com/5eN1bjq8AAUYm2zgoY3K/r/www/cache/static/protocol/https/plugins/every_cookie_mac_82990d4.js, line 4: ReferenceError: c is not defined
1552986803379 Marionette: Element is missing an accesible name -> id: kw, tagName: INPUT, className: s_ipt
JavaScript error: https://m.baidu.com/sugrec?pre=1&p=3&ie=utf-8&json=1&prod=wise&from=wise_web&sugsid=1431,21082,28722,28557,28607,28584,28697,28603,28606&wd=%E4%B8%AD%E5%9B%BD&csor=2&pwd=%E4%B8%AD&cb=jQuery110203147816562641198_1552986803138&_=1552986803141, line 1: TypeError: jQuery110203147816562641198_1552986803138 is not a function
JavaScript error: https://m.baidu.com/sugrec?pre=1&p=3&ie=utf-8&json=1&prod=wise&from=wise_web&sugsid=1431,21082,28722,28557,28607,28584,28697,28603,28606&wd=%E4%B8%AD&csor=1&cb=jQuery110203147816562641198_1552986803138&_=1552986803140, line 1: TypeError: jQuery110203147816562641198_1552986803138 is not a function
JavaScript error: https://m.baidu.com/sugrec?pre=1&p=3&ie=utf-8&json=1&prod=wise&from=wise_web&sugsid=1431,21082,28722,28557,28607,28584,28697,28603,28606&wd=%E4%B8%AD%E5%9B%BD%E5%A4%A7%E8%BF%9E&csor=4&pwd=%E4%B8%AD%E5%9B%BD%E5%A4%A7&cb=jQuery110203147816562641198_1552986803138&_=1552986803143, line 1: TypeError: jQuery110203147816562641198_1552986803138 is not a function
JavaScript error: https://m.baidu.com/sugrec?pre=1&p=3&ie=utf-8&json=1&prod=wise&from=wise_web&sugsid=1431,21082,28722,28557,28607,28584,28697,28603,28606&wd=%E4%B8%AD%E5%9B%BD%E5%A4%A7&csor=3&pwd=%E4%B8%AD%E5%9B%BD&cb=jQuery110203147816562641198_1552986803138&_=1552986803142, line 1: TypeError: jQuery110203147816562641198_1552986803138 is not a function
1552986904163	geckodriver	INFO	Listening on 127.0.0.1:59663
1552986905182	mozprofile::profile	INFO	Using profile path /var/folders/cn/4n3ddv5j6hdc3dxlspl3_zl80000gn/T/rust_mozprofile.nXWtoHsU8w43
1552986905186	geckodriver::marionette	INFO	Starting browser /Applications/Firefox.app/Contents/MacOS/firefox-bin
1552986905190	geckodriver::marionette	INFO	Connecting to Marionette on localhost:59682
[warn] kq_init: detected broken kqueue; not using.: Undefined error: 0
JavaScript error: https://ss1.bdstatic.com/5eN1bjq8AAUYm2zgoY3K/r/www/cache/static/protocol/https/plugins/every_cookie_mac_82990d4.js, line 4: ReferenceError: c is not defined
1552986909187 Marionette: Element is missing an accesible name -> id: kw, tagName: INPUT, className: s_ipt
JavaScript error: https://sp0.baidu.com/5a1Fazu8AA54nxGko9WTAnF6hhy/su?wd=%E4%B8%AD&json=1&p=3&sid=26523_1466_21118_28721_28558_28607_28585_26350_28625_22159&csor=1&cb=jQuery110205249599177913296_1552986908946&_=1552986908948, line 1: TypeError: jQuery110205249599177913296_1552986908946 is not a function
JavaScript error: https://sp0.baidu.com/5a1Fazu8AA54nxGko9WTAnF6hhy/su?wd=%E4%B8%AD%E5%9B%BD%E5%A4%A7%E8%BF%9E&json=1&p=3&sid=26523_1466_21118_28721_28558_28607_28585_26350_28625_22159&csor=4&pwd=%E4%B8%AD%E5%9B%BD%E5%A4%A7&cb=jQuery110205249599177913296_1552986908946&_=1552986908951, line 1: TypeError: jQuery110205249599177913296_1552986908946 is not a function
JavaScript error: https://sp0.baidu.com/5a1Fazu8AA54nxGko9WTAnF6hhy/su?wd=%E4%B8%AD%E5%9B%BD&json=1&p=3&sid=26523_1466_21118_28721_28558_28607_28585_26350_28625_22159&csor=2&pwd=%E4%B8%AD&cb=jQuery110205249599177913296_1552986908946&_=1552986908949, line 1: TypeError: jQuery110205249599177913296_1552986908946 is not a function
JavaScript error: https://sp0.baidu.com/5a1Fazu8AA54nxGko9WTAnF6hhy/su?wd=%E4%B8%AD%E5%9B%BD%E5%A4%A7&json=1&p=3&sid=26523_1466_21118_28721_28558_28607_28585_26350_28625_22159&csor=3&pwd=%E4%B8%AD%E5%9B%BD&cb=jQuery110205249599177913296_1552986908946&_=1552986908950, line 1: TypeError: jQuery110205249599177913296_1552986908946 is not a function
1553047290183	geckodriver	INFO	Listening on 127.0.0.1:60921
1553047291198	mozprofile::profile	INFO	Using profile path /var/folders/cn/4n3ddv5j6hdc3dxlspl3_zl80000gn/T/rust_mozprofile.zxBthkVVNxHn
1553047291203	geckodriver::marionette	INFO	Starting browser /Applications/Firefox.app/Contents/MacOS/firefox-bin
1553047291210	geckodriver::marionette	INFO	Connecting to Marionette on localhost:60940
[warn] kq_init: detected broken kqueue; not using.: Undefined error: 0
JavaScript error: https://ss1.bdstatic.com/5eN1bjq8AAUYm2zgoY3K/r/www/cache/static/protocol/https/plugins/every_cookie_mac_82990d4.js, line 4: ReferenceError: c is not defined
1553047296058 Marionette: Element is missing an accesible name -> id: kw, tagName: INPUT, className: s_ipt
JavaScript error: https://sp0.baidu.com/5a1Fazu8AA54nxGko9WTAnF6hhy/su?wd=%E4%B8%AD&json=1&p=3&sid=1449_21105_18559_28720_28557_28608_28585_28639_26350_28604_28627_28605&csor=1&cb=jQuery110208374154089618726_1553047295808&_=1553047295810, line 1: TypeError: jQuery110208374154089618726_1553047295808 is not a function
JavaScript error: https://sp0.baidu.com/5a1Fazu8AA54nxGko9WTAnF6hhy/su?wd=%E4%B8%AD%E5%9B%BD%E5%A4%A7%E8%BF%9E&json=1&p=3&sid=1449_21105_18559_28720_28557_28608_28585_28639_26350_28604_28627_28605&csor=4&pwd=%E4%B8%AD%E5%9B%BD%E5%A4%A7&cb=jQuery110208374154089618726_1553047295808&_=1553047295813, line 1: TypeError: jQuery110208374154089618726_1553047295808 is not a function
JavaScript error: https://sp0.baidu.com/5a1Fazu8AA54nxGko9WTAnF6hhy/su?wd=%E4%B8%AD%E5%9B%BD%E5%A4%A7&json=1&p=3&sid=1449_21105_18559_28720_28557_28608_28585_28639_26350_28604_28627_28605&csor=3&pwd=%E4%B8%AD%E5%9B%BD&cb=jQuery110208374154089618726_1553047295808&_=1553047295812, line 1: TypeError: jQuery110208374154089618726_1553047295808 is not a function
JavaScript error: https://sp0.baidu.com/5a1Fazu8AA54nxGko9WTAnF6hhy/su?wd=%E4%B8%AD%E5%9B%BD&json=1&p=3&sid=1449_21105_18559_28720_28557_28608_28585_28639_26350_28604_28627_28605&csor=2&pwd=%E4%B8%AD&cb=jQuery110208374154089618726_1553047295808&_=1553047295811, line 1: TypeError: jQuery110208374154089618726_1553047295808 is not a function
1553071600383	geckodriver	INFO	Listening on 127.0.0.1:50522
1553071601390	mozprofile::profile	INFO	Using profile path /var/folders/cn/4n3ddv5j6hdc3dxlspl3_zl80000gn/T/rust_mozprofile.7pap243YUqbO
1553071601394	geckodriver::marionette	INFO	Starting browser /Applications/Firefox.app/Contents/MacOS/firefox-bin
1553071601399	geckodriver::marionette	INFO	Connecting to Marionette on localhost:50542
[warn] kq_init: detected broken kqueue; not using.: Undefined error: 0
JavaScript error: https://ss1.bdstatic.com/5eN1bjq8AAUYm2zgoY3K/r/www/cache/static/protocol/https/plugins/every_cookie_mac_82990d4.js, line 4: ReferenceError: c is not defined
1553071606338 Marionette: Element is missing an accesible name -> id: kw, tagName: INPUT, className: s_ipt
JavaScript error: https://sp0.baidu.com/5a1Fazu8AA54nxGko9WTAnF6hhy/su?wd=%E4%B8%AD&json=1&p=3&sid=26524_1458_21094_28721_28558_28608_28585_26350_28519_28626_22157&csor=1&cb=jQuery110206820046621846044_1553071606092&_=1553071606094, line 1: TypeError: jQuery110206820046621846044_1553071606092 is not a function
JavaScript error: https://sp0.baidu.com/5a1Fazu8AA54nxGko9WTAnF6hhy/su?wd=%E4%B8%AD%E5%9B%BD&json=1&p=3&sid=26524_1458_21094_28721_28558_28608_28585_26350_28519_28626_22157&csor=2&pwd=%E4%B8%AD&cb=jQuery110206820046621846044_1553071606092&_=1553071606095, line 1: TypeError: jQuery110206820046621846044_1553071606092 is not a function
JavaScript error: https://sp0.baidu.com/5a1Fazu8AA54nxGko9WTAnF6hhy/su?wd=%E4%B8%AD%E5%9B%BD%E5%A4%A7%E8%BF%9E&json=1&p=3&sid=26524_1458_21094_28721_28558_28608_28585_26350_28519_28626_22157&csor=4&pwd=%E4%B8%AD%E5%9B%BD%E5%A4%A7&cb=jQuery110206820046621846044_1553071606092&_=1553071606097, line 1: TypeError: jQuery110206820046621846044_1553071606092 is not a function
JavaScript error: https://sp0.baidu.com/5a1Fazu8AA54nxGko9WTAnF6hhy/su?wd=%E4%B8%AD%E5%9B%BD%E5%A4%A7&json=1&p=3&sid=26524_1458_21094_28721_28558_28608_28585_26350_28519_28626_22157&csor=3&pwd=%E4%B8%AD%E5%9B%BD&cb=jQuery110206820046621846044_1553071606092&_=1553071606096, line 1: TypeError: jQuery110206820046621846044_1553071606092 is not a function
1553236540209	geckodriver	INFO	Listening on 127.0.0.1:50721
1553236541219	mozprofile::profile	INFO	Using profile path /var/folders/cn/4n3ddv5j6hdc3dxlspl3_zl80000gn/T/rust_mozprofile.O92PAX6h1C0u
1553236541223	geckodriver::marionette	INFO	Starting browser /Applications/Firefox.app/Contents/MacOS/firefox-bin
1553236541228	geckodriver::marionette	INFO	Connecting to Marionette on localhost:50740
[warn] kq_init: detected broken kqueue; not using.: Undefined error: 0
JavaScript error: https://ss1.bdstatic.com/5eN1bjq8AAUYm2zgoY3K/r/www/cache/static/protocol/https/plugins/every_cookie_mac_82990d4.js, line 4: ReferenceError: c is not defined
1553236546101 Marionette: Element is missing an accesible name -> id: kw, tagName: INPUT, className: s_ipt
JavaScript error: https://m.baidu.com/sugrec?pre=1&p=3&ie=utf-8&json=1&prod=wise&from=wise_web&sugsid=1424,21116,28724,28557,28697,28585,26350,28518,28627,28606&wd=%E4%B8%AD&csor=1&cb=jQuery110201540411662103438_1553236545796&_=1553236545798, line 1: TypeError: jQuery110201540411662103438_1553236545796 is not a function
JavaScript error: https://m.baidu.com/sugrec?pre=1&p=3&ie=utf-8&json=1&prod=wise&from=wise_web&sugsid=1424,21116,28724,28557,28697,28585,26350,28518,28627,28606&wd=%E4%B8%AD%E5%9B%BD&csor=2&pwd=%E4%B8%AD&cb=jQuery110201540411662103438_1553236545796&_=1553236545799, line 1: TypeError: jQuery110201540411662103438_1553236545796 is not a function
JavaScript error: https://m.baidu.com/sugrec?pre=1&p=3&ie=utf-8&json=1&prod=wise&from=wise_web&sugsid=1424,21116,28724,28557,28697,28585,26350,28518,28627,28606&wd=%E4%B8%AD%E5%9B%BD%E5%A4%A7%E8%BF%9E&csor=4&pwd=%E4%B8%AD%E5%9B%BD%E5%A4%A7&cb=jQuery110201540411662103438_1553236545796&_=1553236545801, line 1: TypeError: jQuery110201540411662103438_1553236545796 is not a function
JavaScript error: https://m.baidu.com/sugrec?pre=1&p=3&ie=utf-8&json=1&prod=wise&from=wise_web&sugsid=1424,21116,28724,28557,28697,28585,26350,28518,28627,28606&wd=%E4%B8%AD%E5%9B%BD%E5%A4%A7&csor=3&pwd=%E4%B8%AD%E5%9B%BD&cb=jQuery110201540411662103438_1553236545796&_=1553236545800, line 1: TypeError: jQuery110201540411662103438_1553236545796 is not a function
